Added Component: Designator=C1(NPolar_Cap)
Added Component: Designator=C2(NPolar_Cap)
Added Component: Designator=J?(DSUB1.385-2H9)
Added Component: Designator=JTAG(HDR2X5)
Added Component: Designator=P1(HDR1X2)
Added Component: Designator=P2(HDR1X2)
Added Component: Designator=P3(HDR1X3)
Added Pin To Net: NetName=5V Pin=C1-2
Added Pin To Net: NetName=5V Pin=J?-3
Added Pin To Net: NetName=5V Pin=JTAG-4
Added Net: Name=5V
Added Pin To Net: NetName=\R\E\S\E\T\ Pin=JTAG-6
Added Net: Name=\R\E\S\E\T\
Added Pin To Net: NetName=AGND Pin=C1-1
Added Pin To Net: NetName=AGND Pin=C2-1
Added Pin To Net: NetName=AGND Pin=P3-2
Added Net: Name=AGND
Added Pin To Net: NetName=DGND Pin=J?-5
Added Pin To Net: NetName=DGND Pin=JTAG-2
Added Pin To Net: NetName=DGND Pin=P3-1
Added Net: Name=DGND
Added Pin To Net: NetName=ISEN_1 Pin=P1-2
Added Net: Name=ISEN_1
Added Pin To Net: NetName=ISEN_2 Pin=P2-2
Added Net: Name=ISEN_2
Added Pin To Net: NetName=MISO_A Pin=JTAG-3
Added Net: Name=MISO_A
Added Pin To Net: NetName=MOSI_A Pin=JTAG-9
Added Net: Name=MOSI_A
Added Pin To Net: NetName=NetC2_2 Pin=C2-2
Added Net: Name=NetC2_2
Added Pin To Net: NetName=SCK_A Pin=JTAG-1
Added Net: Name=SCK_A
Added Pin To Net: NetName=SEN_GND1 Pin=P1-1
Added Net: Name=SEN_GND1
Added Pin To Net: NetName=SEN_GND2 Pin=P2-1
Added Net: Name=SEN_GND2
Added Pin To Net: NetName=UH Pin=J?-4
Added Net: Name=UH
Added Pin To Net: NetName=UL Pin=J?-8
Added Net: Name=UL
Added Pin To Net: NetName=VFO Pin=J?-7
Added Net: Name=VFO
Added Pin To Net: NetName=VH Pin=J?-6
Added Net: Name=VH
Added Pin To Net: NetName=VL Pin=J?-1
Added Net: Name=VL
Added Pin To Net: NetName=WH Pin=J?-2
Added Net: Name=WH
Added Pin To Net: NetName=WL Pin=J?-9
Added Net: Name=WL
Added Class: Name=AT90PWM_PCB_Diff
Added Room: Name=AT90PWM_PCB_Diff
