Removed Pin From Net: NetName=WL Pin=J?-1
Removed Pin From Net: NetName=UL Pin=J?-2
Removed Pin From Net: NetName=UH Pin=J?-3
Removed Pin From Net: NetName=WH Pin=J?-4
Removed Pin From Net: NetName=VL Pin=J?-6
Removed Pin From Net: NetName=DGND Pin=J?-7
Removed Pin From Net: NetName=VH Pin=J?-8
Removed Pin From Net: NetName=FO Pin=J?-9
Removed Member From Class: ClassName=PowerModule_Schematic Member=J?
Added Component: Designator=J1(DSUB1.385-2H9)
Added Pin To Net: NetName=UL Pin=J1-1
Added Pin To Net: NetName=UH Pin=J1-2
Added Pin To Net: NetName=FO Pin=J1-3
Added Pin To Net: NetName=DGND Pin=J1-4
Added Pin To Net: NetName=WH Pin=J1-5
Added Pin To Net: NetName=VL Pin=J1-6
Added Pin To Net: NetName=VH Pin=J1-7
Added Pin To Net: NetName=5V Pin=J1-8
Added Pin To Net: NetName=WL Pin=J1-9
Added Member To Class: ClassName=PowerModule_Schematic Member=Component J1 D Connector 9
Added Room: Name=PowerModule_Schematic
