Added Component: Designator=PMod(FSBB20CH60F)
Added Pin To Net: NetName=15V Pin=PMod-1
Added Pin To Net: NetName=DGND Pin=PMod-2
Added Pin To Net: NetName=UL' Pin=PMod-3
Added Pin To Net: NetName=VL' Pin=PMod-4
Added Pin To Net: NetName=WL' Pin=PMod-5
Added Pin To Net: NetName=FO Pin=PMod-6
Added Pin To Net: NetName=NetC8_2 Pin=PMod-7
Added Pin To Net: NetName=CSC Pin=PMod-8
Added Pin To Net: NetName=UH' Pin=PMod-9
Added Pin To Net: NetName=15V Pin=PMod-10
Added Pin To Net: NetName=VB(U) Pin=PMod-11
Added Pin To Net: NetName=VS(U) Pin=PMod-12
Added Pin To Net: NetName=VH' Pin=PMod-13
Added Pin To Net: NetName=15V Pin=PMod-14
Added Pin To Net: NetName=VB(V) Pin=PMod-15
Added Pin To Net: NetName=VS(V) Pin=PMod-16
Added Pin To Net: NetName=WH' Pin=PMod-17
Added Pin To Net: NetName=15V Pin=PMod-18
Added Pin To Net: NetName=VB(W) Pin=PMod-19
Added Pin To Net: NetName=VS(W) Pin=PMod-20
Added Pin To Net: NetName=NetPMod_21 Pin=PMod-21
Added Pin To Net: NetName=NetPMod_21 Pin=PMod-22
Added Pin To Net: NetName=NetPMod_21 Pin=PMod-23
Added Pin To Net: NetName=UOUT Pin=PMod-24
Added Pin To Net: NetName=VOUT Pin=PMod-25
Added Pin To Net: NetName=WOUT Pin=PMod-26
Added Pin To Net: NetName=V_DC Pin=PMod-27
Added Member To Class: ClassName=PowerModule_Schematic Member=Component PMod FSBB15CH60C
