Removed Pin From Net: NetName=WL Pin=PWM_IN-1
Removed Pin From Net: NetName=UH Pin=PWM_IN-2
Removed Pin From Net: NetName=VL Pin=PWM_IN-3
Removed Pin From Net: NetName=VH Pin=PWM_IN-4
Removed Pin From Net: NetName=UL Pin=PWM_IN-5
Removed Pin From Net: NetName=WH Pin=PWM_IN-6
Removed Pin From Net: NetName=DGND Pin=PWM_IN-7
Removed Pin From Net: NetName=FO Pin=PWM_IN-8
Removed Member From Class: ClassName=PowerModule_Schematic Member=PWM_IN
Added Component: Designator=J?(DSUB1.385-2H9)
Added Pin To Net: NetName=WL Pin=J?-1
Added Pin To Net: NetName=UL Pin=J?-2
Added Pin To Net: NetName=UH Pin=J?-3
Added Pin To Net: NetName=WH Pin=J?-4
Added Pin To Net: NetName=VL Pin=J?-6
Added Pin To Net: NetName=DGND Pin=J?-7
Added Pin To Net: NetName=VH Pin=J?-8
Added Pin To Net: NetName=FO Pin=J?-9
Added Member To Class: ClassName=PowerModule_Schematic Member=Component J? D Connector 9
Added Room: Name=PowerModule_Schematic
